0 info it worked if it ends with ok
1 verbose cli [ '/usr/bin/node', '/usr/bin/npm', 'i', 'jsleri' ]
2 info using npm@3.5.2
3 info using node@v8.10.0
4 silly loadCurrentTree Starting
5 silly install loadCurrentTree
6 silly install readLocalPackageData
7 silly fetchPackageMetaData jsleri
8 silly fetchNamedPackageData jsleri
9 silly mapToRegistry name jsleri
10 silly mapToRegistry using default registry
11 silly mapToRegistry registry https://registry.npmjs.org/
12 silly mapToRegistry uri https://registry.npmjs.org/jsleri
13 verbose request uri https://registry.npmjs.org/jsleri
14 verbose request no auth needed
15 info attempt registry request try #1 at 2:06:28 PM
16 verbose request id 1420f88ba4aab396
17 http request GET https://registry.npmjs.org/jsleri
18 http 200 https://registry.npmjs.org/jsleri
19 verbose headers { date: 'Mon, 16 Jul 2018 12:06:28 GMT',
19 verbose headers   'content-type': 'application/json; charset=UTF-8',
19 verbose headers   'transfer-encoding': 'chunked',
19 verbose headers   connection: 'keep-alive',
19 verbose headers   'set-cookie':
19 verbose headers    [ '__cfduid=d488b77452f4cf2437310dcc3bf4c1ed51531742787; expires=Tue, 16-Jul-19 12:06:27 GMT; path=/; domain=.registry.npmjs.org; HttpOnly' ],
19 verbose headers   'cache-control': 'max-age=300',
19 verbose headers   'cf-cache-status': 'MISS',
19 verbose headers   'cf-ray': '43b457c6ca669c95-AMS',
19 verbose headers   etag: 'W/"3e15395da86f5c303a2326f1ea592c33"',
19 verbose headers   'expect-ct': 'max-age=604800, report-uri="https://report-uri.cloudflare.com/cdn-cgi/beacon/expect-ct"',
19 verbose headers   'last-modified': 'Fri, 06 Jul 2018 15:13:20 GMT',
19 verbose headers   vary: 'accept-encoding, accept',
19 verbose headers   server: 'cloudflare',
19 verbose headers   'content-encoding': 'gzip' }
20 silly get cb [ 200,
20 silly get   { date: 'Mon, 16 Jul 2018 12:06:28 GMT',
20 silly get     'content-type': 'application/json; charset=UTF-8',
20 silly get     'transfer-encoding': 'chunked',
20 silly get     connection: 'keep-alive',
20 silly get     'set-cookie':
20 silly get      [ '__cfduid=d488b77452f4cf2437310dcc3bf4c1ed51531742787; expires=Tue, 16-Jul-19 12:06:27 GMT; path=/; domain=.registry.npmjs.org; HttpOnly' ],
20 silly get     'cache-control': 'max-age=300',
20 silly get     'cf-cache-status': 'MISS',
20 silly get     'cf-ray': '43b457c6ca669c95-AMS',
20 silly get     etag: 'W/"3e15395da86f5c303a2326f1ea592c33"',
20 silly get     'expect-ct': 'max-age=604800, report-uri="https://report-uri.cloudflare.com/cdn-cgi/beacon/expect-ct"',
20 silly get     'last-modified': 'Fri, 06 Jul 2018 15:13:20 GMT',
20 silly get     vary: 'accept-encoding, accept',
20 silly get     server: 'cloudflare',
20 silly get     'content-encoding': 'gzip' } ]
21 verbose get saving jsleri to /home/anja/.npm/registry.npmjs.org/jsleri/.cache.json
22 verbose makeDirectory /home/anja/.npm creation not in flight; initializing
23 silly makeDirectory /home/anja/.npm uid: 1000 gid: 1000
24 silly install normalizeTree
25 silly loadCurrentTree Finishing
26 silly loadIdealTree Starting
27 silly install loadIdealTree
28 silly cloneCurrentTree Starting
29 silly install cloneCurrentTreeToIdealTree
30 silly cloneCurrentTree Finishing
31 silly loadShrinkwrap Starting
32 silly install loadShrinkwrap
33 silly loadShrinkwrap Finishing
34 silly loadAllDepsIntoIdealTree Starting
35 silly install loadAllDepsIntoIdealTree
36 silly rollbackFailedOptional Starting
37 silly rollbackFailedOptional Finishing
38 silly runTopLevelLifecycles Starting
39 silly runTopLevelLifecycles Finishing
40 silly install printInstalled
41 verbose stack Error: Refusing to install jsleri as a dependency of itself
41 verbose stack     at checkSelf (/usr/share/npm/lib/install/validate-args.js:40:14)
41 verbose stack     at Array.<anonymous> (/usr/share/npm/node_modules/slide/lib/bind-actor.js:15:8)
41 verbose stack     at LOOP (/usr/share/npm/node_modules/slide/lib/chain.js:15:14)
41 verbose stack     at chain (/usr/share/npm/node_modules/slide/lib/chain.js:20:5)
41 verbose stack     at /usr/share/npm/lib/install/validate-args.js:15:5
41 verbose stack     at /usr/share/npm/node_modules/slide/lib/async-map.js:52:35
41 verbose stack     at Array.forEach (<anonymous>)
41 verbose stack     at /usr/share/npm/node_modules/slide/lib/async-map.js:52:11
41 verbose stack     at Array.forEach (<anonymous>)
41 verbose stack     at asyncMap (/usr/share/npm/node_modules/slide/lib/async-map.js:51:8)
42 verbose cwd /home/anja/workspace/jsleri
43 error Linux 4.15.0-24-generic
44 error argv "/usr/bin/node" "/usr/bin/npm" "i" "jsleri"
45 error node v8.10.0
46 error npm  v3.5.2
47 error code ENOSELF
48 error Refusing to install jsleri as a dependency of itself
49 error If you need help, you may report this error at:
49 error     <https://github.com/npm/npm/issues>
50 verbose exit [ 1, true ]
